<!DOCTYPE html PUBLIC "-//W3C//DTD XHTML 1.1//EN" "https://www.w3.org/TR/xhtml11/DTD/xhtml11.dtd">
<html xmlns="https://www.w3.org/1999/xhtml">
<head>
<meta http-equiv="content-type" content="text/html; charset=UTF-8"/>
<title>TestNG Report</title>
<style type="text/css">table {margin-bottom:10px;border-collapse:collapse;empty-cells:show}th,td {border:1px solid #009;padding:.25em .5em}th {vertical-align:bottom}td {vertical-align:top}table a {font-weight:bold}.stripe td {background-color: #E6EBF9}.num {text-align:right}.passedodd td {background-color: #3F3}.passedeven td {background-color: #0A0}.skippedodd td {background-color: #DDD}.skippedeven td {background-color: #CCC}.failedodd td,.attn {background-color: #F33}.failedeven td,.stripe .attn {background-color: #D00}.stacktrace {white-space:pre;font-family:monospace}.totop {font-size:85%;text-align:center;border-bottom:2px solid #000}.invisible {display:none}</style>
</head>
<body>
<table>
<tr><th>Test</th><th># Passed</th><th># Skipped</th><th># Retried</th><th># Failed</th><th>Time (ms)</th><th>Included Groups</th><th>Excluded Groups</th></tr>
<tr><th colspan="8">Audit360MultiTenantWebBaseLineAutomation Suite</th></tr>
<tr><td><a href="#t0">Test</a></td><td class="num">7</td><td class="num attn">1</td><td class="num">0</td><td class="num attn">1</td><td class="num">1,031,191</td><td></td><td></td></tr>
</table>
<table id='summary'><thead><tr><th>Class</th><th>Method</th><th>Start</th><th>Time (ms)</th></tr></thead><tbody><tr><th colspan="4">Audit360MultiTenantWebBaseLineAutomation Suite</th></tr></tbody><tbody id="t0"><tr><th colspan="4">Test &#8212; failed</th></tr><tr class="failedeven"><td rowspan="1">scripts.DirectResolutionByReviewerAndRDSLSubAuditsScenario1Test</td><td><a href="#m0">SignOff_Audit_Test</a></td><td rowspan="1">1711699004904</td><td rowspan="1">118669</td></tr><tr><th colspan="4">Test &#8212; skipped</th></tr><tr class="skippedeven"><td rowspan="1">scripts.DirectResolutionByReviewerAndRDSLSubAuditsScenario1Test</td><td><a href="#m1">Clsoing_And_Finalizing_The_Audit_Test</a></td><td rowspan="1">1711699125562</td><td rowspan="1">0</td></tr><tr><th colspan="4">Test &#8212; passed</th></tr><tr class="passedeven"><td rowspan="7">scripts.DirectResolutionByReviewerAndRDSLSubAuditsScenario1Test</td><td><a href="#m2">Annexure_Page_Test</a></td><td rowspan="1">1711698097845</td><td rowspan="1">4188</td></tr><tr class="passedeven"><td><a href="#m3">Audit_Execution_Test</a></td><td rowspan="1">1711698780017</td><td rowspan="1">224878</td></tr><tr class="passedeven"><td><a href="#m4">Auditee_Admin_Configuration_Test</a></td><td rowspan="1">1711698742767</td><td rowspan="1">19015</td></tr><tr class="passedeven"><td><a href="#m5">Creating_Audit_Schedule_Test</a></td><td rowspan="1">1711698761785</td><td rowspan="1">18228</td></tr><tr class="passedeven"><td><a href="#m6">Creating_Parent_Audit_Type_Test</a></td><td rowspan="1">1711698422357</td><td rowspan="1">295936</td></tr><tr class="passedeven"><td><a href="#m7">Creating_Sub_AuditTypes_Test</a></td><td rowspan="1">1711698102047</td><td rowspan="1">320306</td></tr><tr class="passedeven"><td><a href="#m8">Uploading_Annexure_Documents_Test</a></td><td rowspan="1">1711698718296</td><td rowspan="1">24466</td></tr></tbody>
</table>
<h2>Test</h2><h3 id="m0">scripts.DirectResolutionByReviewerAndRDSLSubAuditsScenario1Test#SignOff_Audit_Test</h3><table class="result"><tr><th>Exception</th></tr><tr><td><div class="stacktrace">org.openqa.selenium.TimeoutException: Expected condition failed: waiting for visibility of Proxy element for: DefaultElementLocator &apos;By.xpath: //input[@id=&apos;issue_audit_compliance_documents_attributes_0_document&apos;]&apos; (tried for 60 second(s) with 500 milliseconds interval)
	at org.openqa.selenium.support.ui.WebDriverWait.timeoutException(WebDriverWait.java:95)
	at org.openqa.selenium.support.ui.FluentWait.until(FluentWait.java:272)
	at pom.MyAuditsPageTest.UploadDocumentsDigitalEvidences(MyAuditsPageTest.java:1292)
	at scripts.DirectResolutionByReviewerAndRDSLSubAuditsScenario1Test.SignOff_Audit_Test(DirectResolutionByReviewerAndRDSLSubAuditsScenario1Test.java:3175)
	at java.base/java.util.ArrayList.forEach(ArrayList.java:1511)
Caused by: org.openqa.selenium.NoSuchElementException: no such element: Unable to locate element: {&quot;method&quot;:&quot;xpath&quot;,&quot;selector&quot;:&quot;//input[@id=&apos;issue_audit_compliance_documents_attributes_0_document&apos;]&quot;}
  (Session info: chrome=123.0.6312.86)
For documentation on this error, please visit: http://seleniumhq.org/exceptions/no_such_element.html
Build info: version: &apos;3.141.0&apos;, revision: &apos;2ecb7d9a&apos;, time: &apos;2018-10-31T20:09:30&apos;
System info: host: &apos;DESKTOP-F396GN6&apos;, ip: &apos;192.168.1.3&apos;, os.name: &apos;Windows 11&apos;, os.arch: &apos;amd64&apos;, os.version: &apos;10.0&apos;, java.version: &apos;17.0.8&apos;
Driver info: org.openqa.selenium.chrome.ChromeDriver
Capabilities {acceptInsecureCerts: false, browserName: chrome, browserVersion: 123.0.6312.86, chrome: {chromedriverVersion: 123.0.6312.86 (9b72c47a0536..., userDataDir: C:\Users\HP\AppData\Local\T...}, fedcm:accounts: true, goog:chromeOptions: {debuggerAddress: localhost:50824}, javascriptEnabled: true, networkConnectionEnabled: false, pageLoadStrategy: normal, platform: WINDOWS, platformName: WINDOWS, proxy: Proxy(), setWindowRect: true, strictFileInteractability: false, timeouts: {implicit: 0, pageLoad: 300000, script: 30000}, unhandledPromptBehavior: dismiss and notify, webauthn:extension:credBlob: true, webauthn:extension:largeBlob: true, webauthn:extension:minPinLength: true, webauthn:extension:prf: true, webauthn:virtualAuthenticators: true}
Session ID: 36e9e7448fe35319338651a9c48eb6e7
*** Element info: {Using=xpath, value=//input[@id=&apos;issue_audit_compliance_documents_attributes_0_document&apos;]}
	at org.openqa.selenium.remote.http.W3CHttpResponseCodec.createException(W3CHttpResponseCodec.java:187)
	at org.openqa.selenium.remote.http.W3CHttpResponseCodec.decode(W3CHttpResponseCodec.java:122)
	at org.openqa.selenium.remote.http.W3CHttpResponseCodec.decode(W3CHttpResponseCodec.java:49)
	at org.openqa.selenium.remote.HttpCommandExecutor.execute(HttpCommandExecutor.java:158)
	at org.openqa.selenium.remote.service.DriverCommandExecutor.execute(DriverCommandExecutor.java:83)
	at org.openqa.selenium.remote.RemoteWebDriver.execute(RemoteWebDriver.java:552)
	at org.openqa.selenium.remote.RemoteWebDriver.findElement(RemoteWebDriver.java:323)
	at org.openqa.selenium.remote.RemoteWebDriver.findElementByXPath(RemoteWebDriver.java:428)
	at org.openqa.selenium.By$ByXPath.findElement(By.java:353)
	at org.openqa.selenium.remote.RemoteWebDriver.findElement(RemoteWebDriver.java:315)
	at org.openqa.selenium.support.pagefactory.DefaultElementLocator.findElement(DefaultElementLocator.java:69)
	at org.openqa.selenium.support.pagefactory.internal.LocatingElementHandler.invoke(LocatingElementHandler.java:38)
	at jdk.proxy2/jdk.proxy2.$Proxy13.isDisplayed(Unknown Source)
	at org.openqa.selenium.support.ui.ExpectedConditions.elementIfVisible(ExpectedConditions.java:314)
	at org.openqa.selenium.support.ui.ExpectedConditions.access$000(ExpectedConditions.java:43)
	at org.openqa.selenium.support.ui.ExpectedConditions$10.apply(ExpectedConditions.java:300)
	at org.openqa.selenium.support.ui.ExpectedConditions$10.apply(ExpectedConditions.java:297)
	at org.openqa.selenium.support.ui.FluentWait.until(FluentWait.java:249)
	... 30 more
... Removed 31 stack frames</div></td></tr></table><p class="totop"><a href="#summary">back to summary</a></p>
<h3 id="m1">scripts.DirectResolutionByReviewerAndRDSLSubAuditsScenario1Test#Clsoing_And_Finalizing_The_Audit_Test</h3><table class="result"><tr><th>Exception</th></tr><tr><td><div class="stacktrace">java.lang.Throwable: Method scripts.DirectResolutionByReviewerAndRDSLSubAuditsScenario1Test.Clsoing_And_Finalizing_The_Audit_Test() on instance scripts.DirectResolutionByReviewerAndRDSLSubAuditsScenario1Test@bcec361 depends on not successfully finished methods 
[scripts.DirectResolutionByReviewerAndRDSLSubAuditsScenario1Test.SignOff_Audit_Test() on instance scripts.DirectResolutionByReviewerAndRDSLSubAuditsScenario1Test@bcec361]
	at java.base/java.util.ArrayList.forEach(ArrayList.java:1511)
... Removed 18 stack frames</div></td></tr></table><p class="totop"><a href="#summary">back to summary</a></p>
<h3 id="m2">scripts.DirectResolutionByReviewerAndRDSLSubAuditsScenario1Test#Annexure_Page_Test</h3><table class="result"><tr><th class="invisible"/></tr></table><p class="totop"><a href="#summary">back to summary</a></p>
<h3 id="m3">scripts.DirectResolutionByReviewerAndRDSLSubAuditsScenario1Test#Audit_Execution_Test</h3><table class="result"><tr><th class="invisible"/></tr></table><p class="totop"><a href="#summary">back to summary</a></p>
<h3 id="m4">scripts.DirectResolutionByReviewerAndRDSLSubAuditsScenario1Test#Auditee_Admin_Configuration_Test</h3><table class="result"><tr><th class="invisible"/></tr></table><p class="totop"><a href="#summary">back to summary</a></p>
<h3 id="m5">scripts.DirectResolutionByReviewerAndRDSLSubAuditsScenario1Test#Creating_Audit_Schedule_Test</h3><table class="result"><tr><th class="invisible"/></tr></table><p class="totop"><a href="#summary">back to summary</a></p>
<h3 id="m6">scripts.DirectResolutionByReviewerAndRDSLSubAuditsScenario1Test#Creating_Parent_Audit_Type_Test</h3><table class="result"><tr><th class="invisible"/></tr></table><p class="totop"><a href="#summary">back to summary</a></p>
<h3 id="m7">scripts.DirectResolutionByReviewerAndRDSLSubAuditsScenario1Test#Creating_Sub_AuditTypes_Test</h3><table class="result"><tr><th class="invisible"/></tr></table><p class="totop"><a href="#summary">back to summary</a></p>
<h3 id="m8">scripts.DirectResolutionByReviewerAndRDSLSubAuditsScenario1Test#Uploading_Annexure_Documents_Test</h3><table class="result"><tr><th class="invisible"/></tr></table><p class="totop"><a href="#summary">back to summary</a></p>
</body>
</html>
