<?xml version="1.0" encoding="UTF-8"?>
<testng-results ignored="0" total="9" passed="7" failed="1" skipped="1">
  <reporter-output>
  </reporter-output>
  <suite started-at="2024-03-29T13:11:34 IST" name="Audit360MultiTenantWebBaseLineAutomation Suite" finished-at="2024-03-29T13:28:46 IST" duration-ms="1031191">
    <groups>
    </groups>
    <test started-at="2024-03-29T13:11:34 IST" name="Test" finished-at="2024-03-29T13:28:46 IST" duration-ms="1031191">
      <class name="scripts.DirectResolutionByReviewerAndRDSLSubAuditsScenario1Test">
        <test-method is-config="true" signature="setUp()[pri:0, instance:scripts.DirectResolutionByReviewerAndRDSLSubAuditsScenario1Test@bcec361]" started-at="2024-03-29T13:11:34 IST" name="setUp" finished-at="2024-03-29T13:11:34 IST" duration-ms="128" status="PASS">
          <reporter-output>
          </reporter-output>
        </test-method> <!-- setUp -->
        <test-method is-config="true" signature="OpenApplication()[pri:0, instance:scripts.DirectResolutionByReviewerAndRDSLSubAuditsScenario1Test@bcec361]" started-at="2024-03-29T13:11:34 IST" name="OpenApplication" finished-at="2024-03-29T13:11:37 IST" duration-ms="2871" status="PASS">
          <reporter-output>
          </reporter-output>
        </test-method> <!-- OpenApplication -->
        <test-method signature="Annexure_Page_Test()[pri:1, instance:scripts.DirectResolutionByReviewerAndRDSLSubAuditsScenario1Test@bcec361]" started-at="2024-03-29T13:11:37 IST" name="Annexure_Page_Test" finished-at="2024-03-29T13:11:42 IST" duration-ms="4188" status="PASS">
          <reporter-output>
          </reporter-output>
        </test-method> <!-- Annexure_Page_Test -->
        <test-method is-config="true" signature="getResult(org.testng.ITestResult)[pri:0, instance:scripts.DirectResolutionByReviewerAndRDSLSubAuditsScenario1Test@bcec361]" started-at="2024-03-29T13:11:42 IST" name="getResult" finished-at="2024-03-29T13:11:42 IST" duration-ms="8" status="PASS">
          <params>
            <param index="0">
              <value>
                <![CDATA[[TestResult name=Annexure_Page_Test status=SUCCESS method=DirectResolutionByReviewerAndRDSLSubAuditsScenario1Test.Annexure_Page_Test()[pri:1, instance:scripts.DirectResolutionByReviewerAndRDSLSubAuditsScenario1Test@bcec361] output={null}]]]>
              </value>
            </param>
          </params>
          <reporter-output>
          </reporter-output>
        </test-method> <!-- getResult -->
        <test-method signature="Creating_Sub_AuditTypes_Test()[pri:8, instance:scripts.DirectResolutionByReviewerAndRDSLSubAuditsScenario1Test@bcec361]" started-at="2024-03-29T13:11:42 IST" name="Creating_Sub_AuditTypes_Test" finished-at="2024-03-29T13:17:02 IST" duration-ms="320306" status="PASS">
          <reporter-output>
          </reporter-output>
        </test-method> <!-- Creating_Sub_AuditTypes_Test -->
        <test-method is-config="true" signature="getResult(org.testng.ITestResult)[pri:0, instance:scripts.DirectResolutionByReviewerAndRDSLSubAuditsScenario1Test@bcec361]" started-at="2024-03-29T13:17:02 IST" name="getResult" finished-at="2024-03-29T13:17:02 IST" duration-ms="1" status="PASS">
          <params>
            <param index="0">
              <value>
                <![CDATA[[TestResult name=Creating_Sub_AuditTypes_Test status=SUCCESS method=DirectResolutionByReviewerAndRDSLSubAuditsScenario1Test.Creating_Sub_AuditTypes_Test()[pri:8, instance:scripts.DirectResolutionByReviewerAndRDSLSubAuditsScenario1Test@bcec361] output={null}]]]>
              </value>
            </param>
          </params>
          <reporter-output>
          </reporter-output>
        </test-method> <!-- getResult -->
        <test-method signature="Creating_Parent_Audit_Type_Test()[pri:9, instance:scripts.DirectResolutionByReviewerAndRDSLSubAuditsScenario1Test@bcec361]" started-at="2024-03-29T13:17:02 IST" name="Creating_Parent_Audit_Type_Test" finished-at="2024-03-29T13:21:58 IST" depends-on-methods="scripts.DirectResolutionByReviewerAndRDSLSubAuditsScenario1Test.Creating_Sub_AuditTypes_Test" duration-ms="295936" status="PASS">
          <reporter-output>
          </reporter-output>
        </test-method> <!-- Creating_Parent_Audit_Type_Test -->
        <test-method is-config="true" signature="getResult(org.testng.ITestResult)[pri:0, instance:scripts.DirectResolutionByReviewerAndRDSLSubAuditsScenario1Test@bcec361]" started-at="2024-03-29T13:21:58 IST" name="getResult" finished-at="2024-03-29T13:21:58 IST" duration-ms="1" status="PASS">
          <params>
            <param index="0">
              <value>
                <![CDATA[[TestResult name=Creating_Parent_Audit_Type_Test status=SUCCESS method=DirectResolutionByReviewerAndRDSLSubAuditsScenario1Test.Creating_Parent_Audit_Type_Test()[pri:9, instance:scripts.DirectResolutionByReviewerAndRDSLSubAuditsScenario1Test@bcec361] output={null}]]]>
              </value>
            </param>
          </params>
          <reporter-output>
          </reporter-output>
        </test-method> <!-- getResult -->
        <test-method signature="Uploading_Annexure_Documents_Test()[pri:10, instance:scripts.DirectResolutionByReviewerAndRDSLSubAuditsScenario1Test@bcec361]" started-at="2024-03-29T13:21:58 IST" name="Uploading_Annexure_Documents_Test" finished-at="2024-03-29T13:22:22 IST" depends-on-methods="scripts.DirectResolutionByReviewerAndRDSLSubAuditsScenario1Test.Creating_Parent_Audit_Type_Test" duration-ms="24466" status="PASS">
          <reporter-output>
          </reporter-output>
        </test-method> <!-- Uploading_Annexure_Documents_Test -->
        <test-method is-config="true" signature="getResult(org.testng.ITestResult)[pri:0, instance:scripts.DirectResolutionByReviewerAndRDSLSubAuditsScenario1Test@bcec361]" started-at="2024-03-29T13:22:22 IST" name="getResult" finished-at="2024-03-29T13:22:22 IST" duration-ms="1" status="PASS">
          <params>
            <param index="0">
              <value>
                <![CDATA[[TestResult name=Uploading_Annexure_Documents_Test status=SUCCESS method=DirectResolutionByReviewerAndRDSLSubAuditsScenario1Test.Uploading_Annexure_Documents_Test()[pri:10, instance:scripts.DirectResolutionByReviewerAndRDSLSubAuditsScenario1Test@bcec361] output={null}]]]>
              </value>
            </param>
          </params>
          <reporter-output>
          </reporter-output>
        </test-method> <!-- getResult -->
        <test-method signature="Auditee_Admin_Configuration_Test()[pri:11, instance:scripts.DirectResolutionByReviewerAndRDSLSubAuditsScenario1Test@bcec361]" started-at="2024-03-29T13:22:22 IST" name="Auditee_Admin_Configuration_Test" finished-at="2024-03-29T13:22:41 IST" depends-on-methods="scripts.DirectResolutionByReviewerAndRDSLSubAuditsScenario1Test.Uploading_Annexure_Documents_Test" duration-ms="19015" status="PASS">
          <reporter-output>
          </reporter-output>
        </test-method> <!-- Auditee_Admin_Configuration_Test -->
        <test-method is-config="true" signature="getResult(org.testng.ITestResult)[pri:0, instance:scripts.DirectResolutionByReviewerAndRDSLSubAuditsScenario1Test@bcec361]" started-at="2024-03-29T13:22:41 IST" name="getResult" finished-at="2024-03-29T13:22:41 IST" duration-ms="0" status="PASS">
          <params>
            <param index="0">
              <value>
                <![CDATA[[TestResult name=Auditee_Admin_Configuration_Test status=SUCCESS method=DirectResolutionByReviewerAndRDSLSubAuditsScenario1Test.Auditee_Admin_Configuration_Test()[pri:11, instance:scripts.DirectResolutionByReviewerAndRDSLSubAuditsScenario1Test@bcec361] output={null}]]]>
              </value>
            </param>
          </params>
          <reporter-output>
          </reporter-output>
        </test-method> <!-- getResult -->
        <test-method signature="Creating_Audit_Schedule_Test()[pri:12, instance:scripts.DirectResolutionByReviewerAndRDSLSubAuditsScenario1Test@bcec361]" started-at="2024-03-29T13:22:41 IST" name="Creating_Audit_Schedule_Test" finished-at="2024-03-29T13:23:00 IST" depends-on-methods="scripts.DirectResolutionByReviewerAndRDSLSubAuditsScenario1Test.Auditee_Admin_Configuration_Test" duration-ms="18228" status="PASS">
          <reporter-output>
          </reporter-output>
        </test-method> <!-- Creating_Audit_Schedule_Test -->
        <test-method is-config="true" signature="getResult(org.testng.ITestResult)[pri:0, instance:scripts.DirectResolutionByReviewerAndRDSLSubAuditsScenario1Test@bcec361]" started-at="2024-03-29T13:23:00 IST" name="getResult" finished-at="2024-03-29T13:23:00 IST" duration-ms="1" status="PASS">
          <params>
            <param index="0">
              <value>
                <![CDATA[[TestResult name=Creating_Audit_Schedule_Test status=SUCCESS method=DirectResolutionByReviewerAndRDSLSubAuditsScenario1Test.Creating_Audit_Schedule_Test()[pri:12, instance:scripts.DirectResolutionByReviewerAndRDSLSubAuditsScenario1Test@bcec361] output={null}]]]>
              </value>
            </param>
          </params>
          <reporter-output>
          </reporter-output>
        </test-method> <!-- getResult -->
        <test-method signature="Audit_Execution_Test()[pri:13, instance:scripts.DirectResolutionByReviewerAndRDSLSubAuditsScenario1Test@bcec361]" started-at="2024-03-29T13:23:00 IST" name="Audit_Execution_Test" finished-at="2024-03-29T13:26:44 IST" depends-on-methods="scripts.DirectResolutionByReviewerAndRDSLSubAuditsScenario1Test.Creating_Audit_Schedule_Test" duration-ms="224878" status="PASS">
          <reporter-output>
          </reporter-output>
        </test-method> <!-- Audit_Execution_Test -->
        <test-method is-config="true" signature="getResult(org.testng.ITestResult)[pri:0, instance:scripts.DirectResolutionByReviewerAndRDSLSubAuditsScenario1Test@bcec361]" started-at="2024-03-29T13:26:44 IST" name="getResult" finished-at="2024-03-29T13:26:44 IST" duration-ms="0" status="PASS">
          <params>
            <param index="0">
              <value>
                <![CDATA[[TestResult name=Audit_Execution_Test status=SUCCESS method=DirectResolutionByReviewerAndRDSLSubAuditsScenario1Test.Audit_Execution_Test()[pri:13, instance:scripts.DirectResolutionByReviewerAndRDSLSubAuditsScenario1Test@bcec361] output={null}]]]>
              </value>
            </param>
          </params>
          <reporter-output>
          </reporter-output>
        </test-method> <!-- getResult -->
        <test-method signature="SignOff_Audit_Test()[pri:14, instance:scripts.DirectResolutionByReviewerAndRDSLSubAuditsScenario1Test@bcec361]" started-at="2024-03-29T13:26:44 IST" name="SignOff_Audit_Test" finished-at="2024-03-29T13:28:43 IST" depends-on-methods="scripts.DirectResolutionByReviewerAndRDSLSubAuditsScenario1Test.Audit_Execution_Test" duration-ms="118669" status="FAIL">
          <exception class="org.openqa.selenium.TimeoutException">
            <message>
              <![CDATA[Expected condition failed: waiting for visibility of Proxy element for: DefaultElementLocator 'By.xpath: //input[@id='issue_audit_compliance_documents_attributes_0_document']' (tried for 60 second(s) with 500 milliseconds interval)]]>
            </message>
            <full-stacktrace>
              <![CDATA[org.openqa.selenium.TimeoutException: Expected condition failed: waiting for visibility of Proxy element for: DefaultElementLocator 'By.xpath: //input[@id='issue_audit_compliance_documents_attributes_0_document']' (tried for 60 second(s) with 500 milliseconds interval)
at org.openqa.selenium.support.ui.WebDriverWait.timeoutException(WebDriverWait.java:95)
at org.openqa.selenium.support.ui.FluentWait.until(FluentWait.java:272)
at pom.MyAuditsPageTest.UploadDocumentsDigitalEvidences(MyAuditsPageTest.java:1292)
at scripts.DirectResolutionByReviewerAndRDSLSubAuditsScenario1Test.SignOff_Audit_Test(DirectResolutionByReviewerAndRDSLSubAuditsScenario1Test.java:3175)
at java.base/jdk.internal.reflect.NativeMethodAccessorImpl.invoke0(Native Method)
at java.base/jdk.internal.reflect.NativeMethodAccessorImpl.invoke(NativeMethodAccessorImpl.java:77)
at java.base/jdk.internal.reflect.DelegatingMethodAccessorImpl.invoke(DelegatingMethodAccessorImpl.java:43)
at java.base/java.lang.reflect.Method.invoke(Method.java:568)
at org.testng.internal.invokers.MethodInvocationHelper.invokeMethod(MethodInvocationHelper.java:139)
at org.testng.internal.invokers.TestInvoker.invokeMethod(TestInvoker.java:664)
at org.testng.internal.invokers.TestInvoker.invokeTestMethod(TestInvoker.java:227)
at org.testng.internal.invokers.MethodRunner.runInSequence(MethodRunner.java:50)
at org.testng.internal.invokers.TestInvoker$MethodInvocationAgent.invoke(TestInvoker.java:957)
at org.testng.internal.invokers.TestInvoker.invokeTestMethods(TestInvoker.java:200)
at org.testng.internal.invokers.TestMethodWorker.invokeTestMethods(TestMethodWorker.java:148)
at org.testng.internal.invokers.TestMethodWorker.run(TestMethodWorker.java:128)
at java.base/java.util.ArrayList.forEach(ArrayList.java:1511)
at org.testng.TestRunner.privateRun(TestRunner.java:848)
at org.testng.TestRunner.run(TestRunner.java:621)
at org.testng.SuiteRunner.runTest(SuiteRunner.java:443)
at org.testng.SuiteRunner.runSequentially(SuiteRunner.java:437)
at org.testng.SuiteRunner.privateRun(SuiteRunner.java:397)
at org.testng.SuiteRunner.run(SuiteRunner.java:336)
at org.testng.SuiteRunnerWorker.runSuite(SuiteRunnerWorker.java:52)
at org.testng.SuiteRunnerWorker.run(SuiteRunnerWorker.java:95)
at org.testng.TestNG.runSuitesSequentially(TestNG.java:1280)
at org.testng.TestNG.runSuitesLocally(TestNG.java:1200)
at org.testng.TestNG.runSuites(TestNG.java:1114)
at org.testng.TestNG.run(TestNG.java:1082)
at org.testng.remote.AbstractRemoteTestNG.run(AbstractRemoteTestNG.java:115)
at org.testng.remote.RemoteTestNG.initAndRun(RemoteTestNG.java:251)
at org.testng.remote.RemoteTestNG.main(RemoteTestNG.java:77)
Caused by: org.openqa.selenium.NoSuchElementException: no such element: Unable to locate element: {"method":"xpath","selector":"//input[@id='issue_audit_compliance_documents_attributes_0_document']"}
  (Session info: chrome=123.0.6312.86)
For documentation on this error, please visit: http://seleniumhq.org/exceptions/no_such_element.html
Build info: version: '3.141.0', revision: '2ecb7d9a', time: '2018-10-31T20:09:30'
System info: host: 'DESKTOP-F396GN6', ip: '192.168.1.3', os.name: 'Windows 11', os.arch: 'amd64', os.version: '10.0', java.version: '17.0.8'
Driver info: org.openqa.selenium.chrome.ChromeDriver
Capabilities {acceptInsecureCerts: false, browserName: chrome, browserVersion: 123.0.6312.86, chrome: {chromedriverVersion: 123.0.6312.86 (9b72c47a0536..., userDataDir: C:\Users\HP\AppData\Local\T...}, fedcm:accounts: true, goog:chromeOptions: {debuggerAddress: localhost:50824}, javascriptEnabled: true, networkConnectionEnabled: false, pageLoadStrategy: normal, platform: WINDOWS, platformName: WINDOWS, proxy: Proxy(), setWindowRect: true, strictFileInteractability: false, timeouts: {implicit: 0, pageLoad: 300000, script: 30000}, unhandledPromptBehavior: dismiss and notify, webauthn:extension:credBlob: true, webauthn:extension:largeBlob: true, webauthn:extension:minPinLength: true, webauthn:extension:prf: true, webauthn:virtualAuthenticators: true}
Session ID: 36e9e7448fe35319338651a9c48eb6e7
*** Element info: {Using=xpath, value=//input[@id='issue_audit_compliance_documents_attributes_0_document']}
at jdk.internal.reflect.GeneratedConstructorAccessor55.newInstance(Unknown Source)
at java.base/jdk.internal.reflect.DelegatingConstructorAccessorImpl.newInstance(DelegatingConstructorAccessorImpl.java:45)
at java.base/java.lang.reflect.Constructor.newInstanceWithCaller(Constructor.java:499)
at java.base/java.lang.reflect.Constructor.newInstance(Constructor.java:480)
at org.openqa.selenium.remote.http.W3CHttpResponseCodec.createException(W3CHttpResponseCodec.java:187)
at org.openqa.selenium.remote.http.W3CHttpResponseCodec.decode(W3CHttpResponseCodec.java:122)
at org.openqa.selenium.remote.http.W3CHttpResponseCodec.decode(W3CHttpResponseCodec.java:49)
at org.openqa.selenium.remote.HttpCommandExecutor.execute(HttpCommandExecutor.java:158)
at org.openqa.selenium.remote.service.DriverCommandExecutor.execute(DriverCommandExecutor.java:83)
at org.openqa.selenium.remote.RemoteWebDriver.execute(RemoteWebDriver.java:552)
at org.openqa.selenium.remote.RemoteWebDriver.findElement(RemoteWebDriver.java:323)
at org.openqa.selenium.remote.RemoteWebDriver.findElementByXPath(RemoteWebDriver.java:428)
at org.openqa.selenium.By$ByXPath.findElement(By.java:353)
at org.openqa.selenium.remote.RemoteWebDriver.findElement(RemoteWebDriver.java:315)
at org.openqa.selenium.support.pagefactory.DefaultElementLocator.findElement(DefaultElementLocator.java:69)
at org.openqa.selenium.support.pagefactory.internal.LocatingElementHandler.invoke(LocatingElementHandler.java:38)
at jdk.proxy2/jdk.proxy2.$Proxy13.isDisplayed(Unknown Source)
at org.openqa.selenium.support.ui.ExpectedConditions.elementIfVisible(ExpectedConditions.java:314)
at org.openqa.selenium.support.ui.ExpectedConditions.access$000(ExpectedConditions.java:43)
at org.openqa.selenium.support.ui.ExpectedConditions$10.apply(ExpectedConditions.java:300)
at org.openqa.selenium.support.ui.ExpectedConditions$10.apply(ExpectedConditions.java:297)
at org.openqa.selenium.support.ui.FluentWait.until(FluentWait.java:249)
... 30 more
]]>
            </full-stacktrace>
          </exception> <!-- org.openqa.selenium.TimeoutException -->
          <reporter-output>
          </reporter-output>
        </test-method> <!-- SignOff_Audit_Test -->
        <test-method is-config="true" signature="getResult(org.testng.ITestResult)[pri:0, instance:scripts.DirectResolutionByReviewerAndRDSLSubAuditsScenario1Test@bcec361]" started-at="2024-03-29T13:28:43 IST" name="getResult" finished-at="2024-03-29T13:28:45 IST" duration-ms="1983" status="PASS">
          <params>
            <param index="0">
              <value>
                <![CDATA[[TestResult name=SignOff_Audit_Test status=FAILURE method=DirectResolutionByReviewerAndRDSLSubAuditsScenario1Test.SignOff_Audit_Test()[pri:14, instance:scripts.DirectResolutionByReviewerAndRDSLSubAuditsScenario1Test@bcec361] output={null}]]]>
              </value>
            </param>
          </params>
          <reporter-output>
          </reporter-output>
        </test-method> <!-- getResult -->
        <test-method signature="Clsoing_And_Finalizing_The_Audit_Test()[pri:15, instance:scripts.DirectResolutionByReviewerAndRDSLSubAuditsScenario1Test@bcec361]" started-at="2024-03-29T13:28:45 IST" name="Clsoing_And_Finalizing_The_Audit_Test" finished-at="2024-03-29T13:28:45 IST" depends-on-methods="scripts.DirectResolutionByReviewerAndRDSLSubAuditsScenario1Test.SignOff_Audit_Test" duration-ms="0" status="SKIP">
          <exception class="java.lang.Throwable">
            <message>
              <![CDATA[Method scripts.DirectResolutionByReviewerAndRDSLSubAuditsScenario1Test.Clsoing_And_Finalizing_The_Audit_Test() on instance scripts.DirectResolutionByReviewerAndRDSLSubAuditsScenario1Test@bcec361 depends on not successfully finished methods 
[scripts.DirectResolutionByReviewerAndRDSLSubAuditsScenario1Test.SignOff_Audit_Test() on instance scripts.DirectResolutionByReviewerAndRDSLSubAuditsScenario1Test@bcec361]]]>
            </message>
            <full-stacktrace>
              <![CDATA[java.lang.Throwable: Method scripts.DirectResolutionByReviewerAndRDSLSubAuditsScenario1Test.Clsoing_And_Finalizing_The_Audit_Test() on instance scripts.DirectResolutionByReviewerAndRDSLSubAuditsScenario1Test@bcec361 depends on not successfully finished methods 
[scripts.DirectResolutionByReviewerAndRDSLSubAuditsScenario1Test.SignOff_Audit_Test() on instance scripts.DirectResolutionByReviewerAndRDSLSubAuditsScenario1Test@bcec361]
at org.testng.internal.invokers.TestInvoker.invokeTestMethods(TestInvoker.java:156)
at org.testng.internal.invokers.TestMethodWorker.invokeTestMethods(TestMethodWorker.java:148)
at org.testng.internal.invokers.TestMethodWorker.run(TestMethodWorker.java:128)
at java.base/java.util.ArrayList.forEach(ArrayList.java:1511)
at org.testng.TestRunner.privateRun(TestRunner.java:848)
at org.testng.TestRunner.run(TestRunner.java:621)
at org.testng.SuiteRunner.runTest(SuiteRunner.java:443)
at org.testng.SuiteRunner.runSequentially(SuiteRunner.java:437)
at org.testng.SuiteRunner.privateRun(SuiteRunner.java:397)
at org.testng.SuiteRunner.run(SuiteRunner.java:336)
at org.testng.SuiteRunnerWorker.runSuite(SuiteRunnerWorker.java:52)
at org.testng.SuiteRunnerWorker.run(SuiteRunnerWorker.java:95)
at org.testng.TestNG.runSuitesSequentially(TestNG.java:1280)
at org.testng.TestNG.runSuitesLocally(TestNG.java:1200)
at org.testng.TestNG.runSuites(TestNG.java:1114)
at org.testng.TestNG.run(TestNG.java:1082)
at org.testng.remote.AbstractRemoteTestNG.run(AbstractRemoteTestNG.java:115)
at org.testng.remote.RemoteTestNG.initAndRun(RemoteTestNG.java:251)
at org.testng.remote.RemoteTestNG.main(RemoteTestNG.java:77)
]]>
            </full-stacktrace>
          </exception> <!-- java.lang.Throwable -->
          <reporter-output>
          </reporter-output>
        </test-method> <!-- Clsoing_And_Finalizing_The_Audit_Test -->
        <test-method is-config="true" signature="CloseApplication()[pri:0, instance:scripts.DirectResolutionByReviewerAndRDSLSubAuditsScenario1Test@bcec361]" started-at="2024-03-29T13:28:45 IST" name="CloseApplication" finished-at="2024-03-29T13:28:46 IST" duration-ms="572" status="PASS">
          <reporter-output>
          </reporter-output>
        </test-method> <!-- CloseApplication -->
      </class> <!-- scripts.DirectResolutionByReviewerAndRDSLSubAuditsScenario1Test -->
    </test> <!-- Test -->
  </suite> <!-- Audit360MultiTenantWebBaseLineAutomation Suite -->
</testng-results>
