<?xml version="1.0" encoding="UTF-8"?>
<!-- Generated by org.testng.reporters.JUnitReportReporter -->
<testsuite skipped="1" hostname="Automation-win" name="scripts.MutipleAuditorWithGroupsLevelFunctionalityTest" tests="10" failures="0" timestamp="2023-12-14T13:45:31 IST" time="436.075" errors="1">
  <testcase name="Adding_Group_Test" time="8.022" classname="scripts.MutipleAuditorWithGroupsLevelFunctionalityTest"/>
  <system-out/>
  <testcase name="Creating_Parent_Audit_Type_Test" time="245.098" classname="scripts.MutipleAuditorWithGroupsLevelFunctionalityTest"/>
  <system-out/>
  <testcase name="Auditee_Admin_Configuration_Test" time="15.426" classname="scripts.MutipleAuditorWithGroupsLevelFunctionalityTest"/>
  <system-out/>
  <testcase name="Creating_Multiple_Auditor_Schedule_Test" time="24.758" classname="scripts.MutipleAuditorWithGroupsLevelFunctionalityTest"/>
  <system-out/>
  <testcase name="Executing_The_Schedule_By_1st_Auditor_Test" time="63.023" classname="scripts.MutipleAuditorWithGroupsLevelFunctionalityTest"/>
  <system-out/>
  <testcase name="Schedule_Should_Iprogress_Status_Under_Review_Audit_Page_Test" time="9.297" classname="scripts.MutipleAuditorWithGroupsLevelFunctionalityTest"/>
  <system-out/>
  <testcase name="Executing_The_Schedule_By_2nd_Auditor_Through_Express_Mode_Test" time="53.972" classname="scripts.MutipleAuditorWithGroupsLevelFunctionalityTest"/>
  <system-out/>
  <testcase name="Signoffing_The_AuditType_Test" time="11.302" classname="scripts.MutipleAuditorWithGroupsLevelFunctionalityTest"/>
  <system-out/>
  <testcase name="Finalizing_The_AuditType_Test" time="5.177" classname="scripts.MutipleAuditorWithGroupsLevelFunctionalityTest">
    <error type="org.openqa.selenium.ElementClickInterceptedException" message="element click intercepted: Element &lt;button class=&quot;profile-dropdown-toggle&quot; type=&quot;button&quot; data-toggle=&quot;dropdown&quot; aria-haspopup=&quot;true&quot; aria-expanded=&quot;false&quot;&gt;...&lt;/button&gt; is not clickable at point (1494, 29). Other element would receive the click: &lt;div id=&quot;modalSlideUp&quot; class=&quot;modal disable-scroll stick-up in&quot; data-backdrop=&quot;false&quot; data-keyboard=&quot;false&quot; style=&quot;z-index: none; display: block;&quot; aria-hidden=&quot;false&quot; role=&quot;dialog&quot; tabindex=&quot;-1&quot;&gt;...&lt;/div&gt;
  (Session info: chrome=120.0.6099.71)
Build info: version: &#039;3.141.0&#039;, revision: &#039;2ecb7d9a&#039;, time: &#039;2018-10-31T20:09:30&#039;
System info: host: &#039;Automation-win&#039;, ip: &#039;10.8.0.4&#039;, os.name: &#039;Windows 10&#039;, os.arch: &#039;amd64&#039;, os.version: &#039;10.0&#039;, java.version: &#039;1.8.0_201&#039;
Driver info: org.openqa.selenium.chrome.ChromeDriver
Capabilities {acceptInsecureCerts: false, browserName: chrome, browserVersion: 120.0.6099.71, chrome: {chromedriverVersion: 119.0.6045.105 (38c72552c5e..., userDataDir: C:\Users\Sumanth\AppData\Lo...}, fedcm:accounts: true, goog:chromeOptions: {debuggerAddress: localhost:52801}, javascriptEnabled: true, networkConnectionEnabled: false, pageLoadStrategy: normal, platform: WINDOWS, platformName: WINDOWS, proxy: Proxy(), setWindowRect: true, strictFileInteractability: false, timeouts: {implicit: 0, pageLoad: 300000, script: 30000}, unhandledPromptBehavior: dismiss and notify, webauthn:extension:credBlob: true, webauthn:extension:largeBlob: true, webauthn:extension:minPinLength: true, webauthn:extension:prf: true, webauthn:virtualAuthenticators: true}
Session ID: c576ddccfeb08f693f9ff66f25556a66">
      <![CDATA[org.openqa.selenium.ElementClickInterceptedException: element click intercepted: Element <button class="profile-dropdown-toggle" type="button" data-toggle="dropdown" aria-haspopup="true" aria-expanded="false">...</button> is not clickable at point (1494, 29). Other element would receive the click: <div id="modalSlideUp" class="modal disable-scroll stick-up in" data-backdrop="false" data-keyboard="false" style="z-index: none; display: block;" aria-hidden="false" role="dialog" tabindex="-1">...</div>
  (Session info: chrome=120.0.6099.71)
Build info: version: '3.141.0', revision: '2ecb7d9a', time: '2018-10-31T20:09:30'
System info: host: 'Automation-win', ip: '10.8.0.4', os.name: 'Windows 10', os.arch: 'amd64', os.version: '10.0', java.version: '1.8.0_201'
Driver info: org.openqa.selenium.chrome.ChromeDriver
Capabilities {acceptInsecureCerts: false, browserName: chrome, browserVersion: 120.0.6099.71, chrome: {chromedriverVersion: 119.0.6045.105 (38c72552c5e..., userDataDir: C:\Users\Sumanth\AppData\Lo...}, fedcm:accounts: true, goog:chromeOptions: {debuggerAddress: localhost:52801}, javascriptEnabled: true, networkConnectionEnabled: false, pageLoadStrategy: normal, platform: WINDOWS, platformName: WINDOWS, proxy: Proxy(), setWindowRect: true, strictFileInteractability: false, timeouts: {implicit: 0, pageLoad: 300000, script: 30000}, unhandledPromptBehavior: dismiss and notify, webauthn:extension:credBlob: true, webauthn:extension:largeBlob: true, webauthn:extension:minPinLength: true, webauthn:extension:prf: true, webauthn:virtualAuthenticators: true}
Session ID: c576ddccfeb08f693f9ff66f25556a66
at sun.reflect.NativeConstructorAccessorImpl.newInstance0(Native Method)
at sun.reflect.NativeConstructorAccessorImpl.newInstance(Unknown Source)
at sun.reflect.DelegatingConstructorAccessorImpl.newInstance(Unknown Source)
at java.lang.reflect.Constructor.newInstance(Unknown Source)
at org.openqa.selenium.remote.http.W3CHttpResponseCodec.createException(W3CHttpResponseCodec.java:187)
at org.openqa.selenium.remote.http.W3CHttpResponseCodec.decode(W3CHttpResponseCodec.java:122)
at org.openqa.selenium.remote.http.W3CHttpResponseCodec.decode(W3CHttpResponseCodec.java:49)
at org.openqa.selenium.remote.HttpCommandExecutor.execute(HttpCommandExecutor.java:158)
at org.openqa.selenium.remote.service.DriverCommandExecutor.execute(DriverCommandExecutor.java:83)
at org.openqa.selenium.remote.RemoteWebDriver.execute(RemoteWebDriver.java:552)
at org.openqa.selenium.remote.RemoteWebElement.execute(RemoteWebElement.java:285)
at org.openqa.selenium.remote.RemoteWebElement.click(RemoteWebElement.java:84)
at sun.reflect.GeneratedMethodAccessor3.invoke(Unknown Source)
at sun.reflect.DelegatingMethodAccessorImpl.invoke(Unknown Source)
at java.lang.reflect.Method.invoke(Unknown Source)
at org.openqa.selenium.support.pagefactory.internal.LocatingElementHandler.invoke(LocatingElementHandler.java:51)
at com.sun.proxy.$Proxy11.click(Unknown Source)
at pom.LoginPageTest.ClickProfileBTN(LoginPageTest.java:79)
at scripts.MutipleAuditorWithGroupsLevelFunctionalityTest.Finalizing_The_AuditType_Test(MutipleAuditorWithGroupsLevelFunctionalityTest.java:1962)
at sun.reflect.NativeMethodAccessorImpl.invoke0(Native Method)
at sun.reflect.NativeMethodAccessorImpl.invoke(Unknown Source)
at sun.reflect.DelegatingMethodAccessorImpl.invoke(Unknown Source)
at java.lang.reflect.Method.invoke(Unknown Source)
at org.testng.internal.MethodInvocationHelper.invokeMethod(MethodInvocationHelper.java:132)
at org.testng.internal.TestInvoker.invokeMethod(TestInvoker.java:599)
at org.testng.internal.TestInvoker.invokeTestMethod(TestInvoker.java:174)
at org.testng.internal.MethodRunner.runInSequence(MethodRunner.java:46)
at org.testng.internal.TestInvoker$MethodInvocationAgent.invoke(TestInvoker.java:822)
at org.testng.internal.TestInvoker.invokeTestMethods(TestInvoker.java:147)
at org.testng.internal.TestMethodWorker.invokeTestMethods(TestMethodWorker.java:146)
at org.testng.internal.TestMethodWorker.run(TestMethodWorker.java:128)
at java.util.ArrayList.forEach(Unknown Source)
at org.testng.TestRunner.privateRun(TestRunner.java:764)
at org.testng.TestRunner.run(TestRunner.java:585)
at org.testng.SuiteRunner.runTest(SuiteRunner.java:384)
at org.testng.SuiteRunner.runSequentially(SuiteRunner.java:378)
at org.testng.SuiteRunner.privateRun(SuiteRunner.java:337)
at org.testng.SuiteRunner.run(SuiteRunner.java:286)
at org.testng.SuiteRunnerWorker.runSuite(SuiteRunnerWorker.java:53)
at org.testng.SuiteRunnerWorker.run(SuiteRunnerWorker.java:96)
at org.testng.TestNG.runSuitesSequentially(TestNG.java:1218)
at org.testng.TestNG.runSuitesLocally(TestNG.java:1140)
at org.testng.TestNG.runSuites(TestNG.java:1069)
at org.testng.TestNG.run(TestNG.java:1037)
at org.testng.remote.AbstractRemoteTestNG.run(AbstractRemoteTestNG.java:115)
at org.testng.remote.RemoteTestNG.initAndRun(RemoteTestNG.java:251)
at org.testng.remote.RemoteTestNG.main(RemoteTestNG.java:77)
]]>
    </error>
  </testcase> <!-- Finalizing_The_AuditType_Test -->
  <system-out/>
  <testcase name="Validating_The_Scores_Test" time="0.000" classname="scripts.MutipleAuditorWithGroupsLevelFunctionalityTest">
    <skipped/>
  </testcase> <!-- Validating_The_Scores_Test -->
  <system-out/>
</testsuite> <!-- scripts.MutipleAuditorWithGroupsLevelFunctionalityTest -->
