<?xml version="1.0" encoding="UTF-8"?>
<!-- Generated by org.testng.reporters.JUnitReportReporter -->
<testsuite hostname="DESKTOP-F396GN6" failures="0" tests="17" name="scripts.UserManagementPageFunctionalityTest" time="23.151" errors="1" timestamp="2024-02-22T10:24:05 IST" skipped="15">
  <testcase classname="scripts.UserManagementPageFunctionalityTest" name="Manage_User_Page_Test" time="9.606"/>
  <testcase classname="scripts.UserManagementPageFunctionalityTest" name="Add_User_Test" time="13.543">
    <error message="Expected condition failed: waiting for visibility of Proxy element for: DefaultElementLocator &#039;By.xpath: //span[@class=&#039;select2-match&#039;]&#039; (tried for 10 second(s) with 500 milliseconds interval)" type="org.openqa.selenium.TimeoutException">
      <![CDATA[org.openqa.selenium.TimeoutException: Expected condition failed: waiting for visibility of Proxy element for: DefaultElementLocator 'By.xpath: //span[@class='select2-match']' (tried for 10 second(s) with 500 milliseconds interval)
at org.openqa.selenium.support.ui.WebDriverWait.timeoutException(WebDriverWait.java:95)
at org.openqa.selenium.support.ui.FluentWait.until(FluentWait.java:272)
at pom.UserManagementPageTest.ClickMatched(UserManagementPageTest.java:518)
at scripts.UserManagementPageFunctionalityTest.Add_User_Test(UserManagementPageFunctionalityTest.java:113)
at java.base/jdk.internal.reflect.NativeMethodAccessorImpl.invoke0(Native Method)
at java.base/jdk.internal.reflect.NativeMethodAccessorImpl.invoke(NativeMethodAccessorImpl.java:77)
at java.base/jdk.internal.reflect.DelegatingMethodAccessorImpl.invoke(DelegatingMethodAccessorImpl.java:43)
at java.base/java.lang.reflect.Method.invoke(Method.java:568)
at org.testng.internal.invokers.MethodInvocationHelper.invokeMethod(MethodInvocationHelper.java:139)
at org.testng.internal.invokers.TestInvoker.invokeMethod(TestInvoker.java:664)
at org.testng.internal.invokers.TestInvoker.invokeTestMethod(TestInvoker.java:227)
at org.testng.internal.invokers.MethodRunner.runInSequence(MethodRunner.java:50)
at org.testng.internal.invokers.TestInvoker$MethodInvocationAgent.invoke(TestInvoker.java:957)
at org.testng.internal.invokers.TestInvoker.invokeTestMethods(TestInvoker.java:200)
at org.testng.internal.invokers.TestMethodWorker.invokeTestMethods(TestMethodWorker.java:148)
at org.testng.internal.invokers.TestMethodWorker.run(TestMethodWorker.java:128)
at java.base/java.util.ArrayList.forEach(ArrayList.java:1511)
at org.testng.TestRunner.privateRun(TestRunner.java:848)
at org.testng.TestRunner.run(TestRunner.java:621)
at org.testng.SuiteRunner.runTest(SuiteRunner.java:443)
at org.testng.SuiteRunner.runSequentially(SuiteRunner.java:437)
at org.testng.SuiteRunner.privateRun(SuiteRunner.java:397)
at org.testng.SuiteRunner.run(SuiteRunner.java:336)
at org.testng.SuiteRunnerWorker.runSuite(SuiteRunnerWorker.java:52)
at org.testng.SuiteRunnerWorker.run(SuiteRunnerWorker.java:95)
at org.testng.TestNG.runSuitesSequentially(TestNG.java:1280)
at org.testng.TestNG.runSuitesLocally(TestNG.java:1200)
at org.testng.TestNG.runSuites(TestNG.java:1114)
at org.testng.TestNG.run(TestNG.java:1082)
at org.testng.remote.AbstractRemoteTestNG.run(AbstractRemoteTestNG.java:115)
at org.testng.remote.RemoteTestNG.initAndRun(RemoteTestNG.java:251)
at org.testng.remote.RemoteTestNG.main(RemoteTestNG.java:77)
Caused by: org.openqa.selenium.NoSuchElementException: no such element: Unable to locate element: {"method":"xpath","selector":"//span[@class='select2-match']"}
  (Session info: chrome=121.0.6167.185)
For documentation on this error, please visit: http://seleniumhq.org/exceptions/no_such_element.html
Build info: version: '3.141.0', revision: '2ecb7d9a', time: '2018-10-31T20:09:30'
System info: host: 'DESKTOP-F396GN6', ip: '192.168.0.103', os.name: 'Windows 11', os.arch: 'amd64', os.version: '10.0', java.version: '17.0.8'
Driver info: org.openqa.selenium.chrome.ChromeDriver
Capabilities {acceptInsecureCerts: false, browserName: chrome, browserVersion: 121.0.6167.185, chrome: {chromedriverVersion: 121.0.6167.85 (3f98d690ad7e..., userDataDir: C:\Users\HP\AppData\Local\T...}, fedcm:accounts: true, goog:chromeOptions: {debuggerAddress: localhost:51294}, javascriptEnabled: true, networkConnectionEnabled: false, pageLoadStrategy: normal, platform: WINDOWS, platformName: WINDOWS, proxy: Proxy(), setWindowRect: true, strictFileInteractability: false, timeouts: {implicit: 0, pageLoad: 300000, script: 30000}, unhandledPromptBehavior: dismiss and notify, webauthn:extension:credBlob: true, webauthn:extension:largeBlob: true, webauthn:extension:minPinLength: true, webauthn:extension:prf: true, webauthn:virtualAuthenticators: true}
Session ID: f8eb7923e57407c946235459022252a3
*** Element info: {Using=xpath, value=//span[@class='select2-match']}
at jdk.internal.reflect.GeneratedConstructorAccessor56.newInstance(Unknown Source)
at java.base/jdk.internal.reflect.DelegatingConstructorAccessorImpl.newInstance(DelegatingConstructorAccessorImpl.java:45)
at java.base/java.lang.reflect.Constructor.newInstanceWithCaller(Constructor.java:499)
at java.base/java.lang.reflect.Constructor.newInstance(Constructor.java:480)
at org.openqa.selenium.remote.http.W3CHttpResponseCodec.createException(W3CHttpResponseCodec.java:187)
at org.openqa.selenium.remote.http.W3CHttpResponseCodec.decode(W3CHttpResponseCodec.java:122)
at org.openqa.selenium.remote.http.W3CHttpResponseCodec.decode(W3CHttpResponseCodec.java:49)
at org.openqa.selenium.remote.HttpCommandExecutor.execute(HttpCommandExecutor.java:158)
at org.openqa.selenium.remote.service.DriverCommandExecutor.execute(DriverCommandExecutor.java:83)
at org.openqa.selenium.remote.RemoteWebDriver.execute(RemoteWebDriver.java:552)
at org.openqa.selenium.remote.RemoteWebDriver.findElement(RemoteWebDriver.java:323)
at org.openqa.selenium.remote.RemoteWebDriver.findElementByXPath(RemoteWebDriver.java:428)
at org.openqa.selenium.By$ByXPath.findElement(By.java:353)
at org.openqa.selenium.remote.RemoteWebDriver.findElement(RemoteWebDriver.java:315)
at org.openqa.selenium.support.pagefactory.DefaultElementLocator.findElement(DefaultElementLocator.java:69)
at org.openqa.selenium.support.pagefactory.internal.LocatingElementHandler.invoke(LocatingElementHandler.java:38)
at jdk.proxy2/jdk.proxy2.$Proxy13.isDisplayed(Unknown Source)
at org.openqa.selenium.support.ui.ExpectedConditions.elementIfVisible(ExpectedConditions.java:314)
at org.openqa.selenium.support.ui.ExpectedConditions.access$000(ExpectedConditions.java:43)
at org.openqa.selenium.support.ui.ExpectedConditions$10.apply(ExpectedConditions.java:300)
at org.openqa.selenium.support.ui.ExpectedConditions$10.apply(ExpectedConditions.java:297)
at org.openqa.selenium.support.ui.FluentWait.until(FluentWait.java:249)
... 30 more
]]>
    </error>
  </testcase> <!-- Add_User_Test -->
  <testcase classname="scripts.UserManagementPageFunctionalityTest" name="Adding_Same_User_With_Same_EmailId_Test" time="0.001">
    <skipped/>
  </testcase> <!-- Adding_Same_User_With_Same_EmailId_Test -->
  <testcase classname="scripts.UserManagementPageFunctionalityTest" name="Search_User_Test" time="0.000">
    <skipped/>
  </testcase> <!-- Search_User_Test -->
  <testcase classname="scripts.UserManagementPageFunctionalityTest" name="View_User_Test" time="0.000">
    <skipped/>
  </testcase> <!-- View_User_Test -->
  <testcase classname="scripts.UserManagementPageFunctionalityTest" name="Resend_Confirmation_Mail_Test" time="0.000">
    <skipped/>
  </testcase> <!-- Resend_Confirmation_Mail_Test -->
  <testcase classname="scripts.UserManagementPageFunctionalityTest" name="Edit_User_Test" time="0.000">
    <skipped/>
  </testcase> <!-- Edit_User_Test -->
  <testcase classname="scripts.UserManagementPageFunctionalityTest" name="confirm_User_Test" time="0.000">
    <skipped/>
  </testcase> <!-- confirm_User_Test -->
  <testcase classname="scripts.UserManagementPageFunctionalityTest" name="Deactivate_User_Test" time="0.000">
    <skipped/>
  </testcase> <!-- Deactivate_User_Test -->
  <testcase classname="scripts.UserManagementPageFunctionalityTest" name="Deactivated_User_View_Test" time="0.000">
    <skipped/>
  </testcase> <!-- Deactivated_User_View_Test -->
  <testcase classname="scripts.UserManagementPageFunctionalityTest" name="Unlock_User_Test" time="0.001">
    <skipped/>
  </testcase> <!-- Unlock_User_Test -->
  <testcase classname="scripts.UserManagementPageFunctionalityTest" name="Add_User_Mandatory_Fields_Test" time="0.000">
    <skipped/>
  </testcase> <!-- Add_User_Mandatory_Fields_Test -->
  <testcase classname="scripts.UserManagementPageFunctionalityTest" name="Upload_Photo_Test" time="0.000">
    <skipped/>
  </testcase> <!-- Upload_Photo_Test -->
  <testcase classname="scripts.UserManagementPageFunctionalityTest" name="De_Activated_User_Login_Test">
    <skipped/>
  </testcase> <!-- De_Activated_User_Login_Test -->
  <testcase classname="scripts.UserManagementPageFunctionalityTest" name="Activate_User_Test">
    <skipped/>
  </testcase> <!-- Activate_User_Test -->
  <testcase classname="scripts.UserManagementPageFunctionalityTest" name="Confirmed_User_Login_Test">
    <skipped/>
  </testcase> <!-- Confirmed_User_Login_Test -->
  <testcase classname="scripts.UserManagementPageFunctionalityTest" name="Not_Confirmed_User_Login_Test">
    <skipped/>
  </testcase> <!-- Not_Confirmed_User_Login_Test -->
</testsuite> <!-- scripts.UserManagementPageFunctionalityTest -->
