<?xml version="1.0" encoding="UTF-8"?>
<!-- Generated by org.testng.reporters.JUnitReportReporter -->
<testsuite hostname="DESKTOP-F396GN6" failures="0" tests="12" name="scripts.RoleManagementPageFunctionalityTest" time="6.365" errors="1" timestamp="2024-02-22T10:24:05 IST" skipped="11">
  <testcase classname="scripts.RoleManagementPageFunctionalityTest" name="Role_Management_Page_Test" time="6.363">
    <error message="java.lang.reflect.InvocationTargetException
Build info: version: &#039;3.141.0&#039;, revision: &#039;2ecb7d9a&#039;, time: &#039;2018-10-31T20:09:30&#039;
System info: host: &#039;DESKTOP-F396GN6&#039;, ip: &#039;192.168.0.103&#039;, os.name: &#039;Windows 11&#039;, os.arch: &#039;amd64&#039;, os.version: &#039;10.0&#039;, java.version: &#039;17.0.8&#039;
Driver info: driver.version: RemoteWebDriver" type="org.openqa.selenium.json.JsonException">
      <![CDATA[org.openqa.selenium.json.JsonException: java.lang.reflect.InvocationTargetException
Build info: version: '3.141.0', revision: '2ecb7d9a', time: '2018-10-31T20:09:30'
System info: host: 'DESKTOP-F396GN6', ip: '192.168.0.103', os.name: 'Windows 11', os.arch: 'amd64', os.version: '10.0', java.version: '17.0.8'
Driver info: driver.version: RemoteWebDriver
at org.openqa.selenium.json.JsonOutput.convertUsingMethod(JsonOutput.java:333)
at org.openqa.selenium.json.JsonOutput.lambda$new$16(JsonOutput.java:156)
at org.openqa.selenium.json.JsonOutput$SafeBiConsumer.accept(JsonOutput.java:425)
at org.openqa.selenium.json.JsonOutput.write(JsonOutput.java:265)
at org.openqa.selenium.json.JsonOutput.lambda$null$21(JsonOutput.java:169)
at java.base/java.util.LinkedHashMap$LinkedValues.forEach(LinkedHashMap.java:647)
at org.openqa.selenium.json.JsonOutput.lambda$new$22(JsonOutput.java:169)
at org.openqa.selenium.json.JsonOutput$SafeBiConsumer.accept(JsonOutput.java:425)
at org.openqa.selenium.json.JsonOutput.write(JsonOutput.java:265)
at org.openqa.selenium.json.JsonOutput.lambda$null$23(JsonOutput.java:178)
at com.google.common.collect.SingletonImmutableBiMap.forEach(SingletonImmutableBiMap.java:65)
at org.openqa.selenium.json.JsonOutput.lambda$new$24(JsonOutput.java:177)
at org.openqa.selenium.json.JsonOutput$SafeBiConsumer.accept(JsonOutput.java:425)
at org.openqa.selenium.json.JsonOutput.write(JsonOutput.java:265)
at org.openqa.selenium.json.JsonOutput.write(JsonOutput.java:256)
at org.openqa.selenium.json.Json.toJson(Json.java:42)
at org.openqa.selenium.remote.http.AbstractHttpCommandCodec.encode(AbstractHttpCommandCodec.java:227)
at org.openqa.selenium.remote.http.AbstractHttpCommandCodec.encode(AbstractHttpCommandCodec.java:117)
at org.openqa.selenium.remote.HttpCommandExecutor.execute(HttpCommandExecutor.java:152)
at org.openqa.selenium.remote.service.DriverCommandExecutor.execute(DriverCommandExecutor.java:83)
at org.openqa.selenium.remote.RemoteWebDriver.execute(RemoteWebDriver.java:552)
at org.openqa.selenium.remote.RemoteWebDriver.perform(RemoteWebDriver.java:618)
at org.openqa.selenium.interactions.Actions$BuiltAction.perform(Actions.java:639)
at pom.RoleManagementPageTest.ClickScrollBar(RoleManagementPageTest.java:132)
at scripts.RoleManagementPageFunctionalityTest.Role_Management_Page_Test(RoleManagementPageFunctionalityTest.java:49)
at java.base/jdk.internal.reflect.NativeMethodAccessorImpl.invoke0(Native Method)
at java.base/jdk.internal.reflect.NativeMethodAccessorImpl.invoke(NativeMethodAccessorImpl.java:77)
at java.base/jdk.internal.reflect.DelegatingMethodAccessorImpl.invoke(DelegatingMethodAccessorImpl.java:43)
at java.base/java.lang.reflect.Method.invoke(Method.java:568)
at org.testng.internal.invokers.MethodInvocationHelper.invokeMethod(MethodInvocationHelper.java:139)
at org.testng.internal.invokers.TestInvoker.invokeMethod(TestInvoker.java:664)
at org.testng.internal.invokers.TestInvoker.invokeTestMethod(TestInvoker.java:227)
at org.testng.internal.invokers.MethodRunner.runInSequence(MethodRunner.java:50)
at org.testng.internal.invokers.TestInvoker$MethodInvocationAgent.invoke(TestInvoker.java:957)
at org.testng.internal.invokers.TestInvoker.invokeTestMethods(TestInvoker.java:200)
at org.testng.internal.invokers.TestMethodWorker.invokeTestMethods(TestMethodWorker.java:148)
at org.testng.internal.invokers.TestMethodWorker.run(TestMethodWorker.java:128)
at java.base/java.util.ArrayList.forEach(ArrayList.java:1511)
at org.testng.TestRunner.privateRun(TestRunner.java:848)
at org.testng.TestRunner.run(TestRunner.java:621)
at org.testng.SuiteRunner.runTest(SuiteRunner.java:443)
at org.testng.SuiteRunner.runSequentially(SuiteRunner.java:437)
at org.testng.SuiteRunner.privateRun(SuiteRunner.java:397)
at org.testng.SuiteRunner.run(SuiteRunner.java:336)
at org.testng.SuiteRunnerWorker.runSuite(SuiteRunnerWorker.java:52)
at org.testng.SuiteRunnerWorker.run(SuiteRunnerWorker.java:95)
at org.testng.TestNG.runSuitesSequentially(TestNG.java:1280)
at org.testng.TestNG.runSuitesLocally(TestNG.java:1200)
at org.testng.TestNG.runSuites(TestNG.java:1114)
at org.testng.TestNG.run(TestNG.java:1082)
at org.testng.remote.AbstractRemoteTestNG.run(AbstractRemoteTestNG.java:115)
at org.testng.remote.RemoteTestNG.initAndRun(RemoteTestNG.java:251)
at org.testng.remote.RemoteTestNG.main(RemoteTestNG.java:77)
Suppressed: org.openqa.selenium.json.JsonException: Attempting to close incomplete json stream
Build info: version: '3.141.0', revision: '2ecb7d9a', time: '2018-10-31T20:09:30'
System info: host: 'DESKTOP-F396GN6', ip: '192.168.0.103', os.name: 'Windows 11', os.arch: 'amd64', os.version: '10.0', java.version: '17.0.8'
Driver info: driver.version: RemoteWebDriver
at org.openqa.selenium.json.JsonOutput.close(JsonOutput.java:280)
at org.openqa.selenium.json.Json.toJson(Json.java:44)
... 37 more
Caused by: java.lang.reflect.InvocationTargetException
at java.base/jdk.internal.reflect.NativeMethodAccessorImpl.invoke0(Native Method)
at java.base/jdk.internal.reflect.NativeMethodAccessorImpl.invoke(NativeMethodAccessorImpl.java:77)
at java.base/jdk.internal.reflect.DelegatingMethodAccessorImpl.invoke(DelegatingMethodAccessorImpl.java:43)
at java.base/java.lang.reflect.Method.invoke(Method.java:568)
at org.openqa.selenium.json.JsonOutput.convertUsingMethod(JsonOutput.java:329)
... 52 more
Caused by: org.openqa.selenium.NoSuchElementException: no such element: Unable to locate element: {"method":"xpath","selector":"//body[contains(@class,'windows desktop pace-done')]/nav[1]/div[1]"}
  (Session info: chrome=121.0.6167.185)
For documentation on this error, please visit: http://seleniumhq.org/exceptions/no_such_element.html
Build info: version: '3.141.0', revision: '2ecb7d9a', time: '2018-10-31T20:09:30'
System info: host: 'DESKTOP-F396GN6', ip: '192.168.0.103', os.name: 'Windows 11', os.arch: 'amd64', os.version: '10.0', java.version: '17.0.8'
Driver info: org.openqa.selenium.chrome.ChromeDriver
Capabilities {acceptInsecureCerts: false, browserName: chrome, browserVersion: 121.0.6167.185, chrome: {chromedriverVersion: 121.0.6167.85 (3f98d690ad7e..., userDataDir: C:\Users\HP\AppData\Local\T...}, fedcm:accounts: true, goog:chromeOptions: {debuggerAddress: localhost:51255}, javascriptEnabled: true, networkConnectionEnabled: false, pageLoadStrategy: normal, platform: WINDOWS, platformName: WINDOWS, proxy: Proxy(), setWindowRect: true, strictFileInteractability: false, timeouts: {implicit: 0, pageLoad: 300000, script: 30000}, unhandledPromptBehavior: dismiss and notify, webauthn:extension:credBlob: true, webauthn:extension:largeBlob: true, webauthn:extension:minPinLength: true, webauthn:extension:prf: true, webauthn:virtualAuthenticators: true}
Session ID: f6cd392d1de87161032e1c351d2bf003
*** Element info: {Using=xpath, value=//body[contains(@class,'windows desktop pace-done')]/nav[1]/div[1]}
at java.base/jdk.internal.reflect.NativeConstructorAccessorImpl.newInstance0(Native Method)
at java.base/jdk.internal.reflect.NativeConstructorAccessorImpl.newInstance(NativeConstructorAccessorImpl.java:77)
at java.base/jdk.internal.reflect.DelegatingConstructorAccessorImpl.newInstance(DelegatingConstructorAccessorImpl.java:45)
at java.base/java.lang.reflect.Constructor.newInstanceWithCaller(Constructor.java:499)
at java.base/java.lang.reflect.Constructor.newInstance(Constructor.java:480)
at org.openqa.selenium.remote.http.W3CHttpResponseCodec.createException(W3CHttpResponseCodec.java:187)
at org.openqa.selenium.remote.http.W3CHttpResponseCodec.decode(W3CHttpResponseCodec.java:122)
at org.openqa.selenium.remote.http.W3CHttpResponseCodec.decode(W3CHttpResponseCodec.java:49)
at org.openqa.selenium.remote.HttpCommandExecutor.execute(HttpCommandExecutor.java:158)
at org.openqa.selenium.remote.service.DriverCommandExecutor.execute(DriverCommandExecutor.java:83)
at org.openqa.selenium.remote.RemoteWebDriver.execute(RemoteWebDriver.java:552)
at org.openqa.selenium.remote.RemoteWebDriver.findElement(RemoteWebDriver.java:323)
at org.openqa.selenium.remote.RemoteWebDriver.findElementByXPath(RemoteWebDriver.java:428)
at org.openqa.selenium.By$ByXPath.findElement(By.java:353)
at org.openqa.selenium.remote.RemoteWebDriver.findElement(RemoteWebDriver.java:315)
at org.openqa.selenium.support.pagefactory.DefaultElementLocator.findElement(DefaultElementLocator.java:69)
at org.openqa.selenium.support.pagefactory.internal.LocatingElementHandler.invoke(LocatingElementHandler.java:38)
at jdk.proxy2/jdk.proxy2.$Proxy13.getWrappedElement(Unknown Source)
at org.openqa.selenium.interactions.PointerInput$Origin.asArg(PointerInput.java:204)
at org.openqa.selenium.interactions.PointerInput$Move.encode(PointerInput.java:155)
at org.openqa.selenium.interactions.Sequence.encode(Sequence.java:75)
at org.openqa.selenium.interactions.Sequence.toJson(Sequence.java:84)
... 57 more
]]>
    </error>
  </testcase> <!-- Role_Management_Page_Test -->
  <testcase classname="scripts.RoleManagementPageFunctionalityTest" name="Passing_Less_Than_Six_Characters_To_Name_Test" time="0.000">
    <skipped/>
  </testcase> <!-- Passing_Less_Than_Six_Characters_To_Name_Test -->
  <testcase classname="scripts.RoleManagementPageFunctionalityTest" name="Add_Role_Test" time="0.000">
    <skipped/>
  </testcase> <!-- Add_Role_Test -->
  <testcase classname="scripts.RoleManagementPageFunctionalityTest" name="Adding_Same_Name_Test" time="0.000">
    <skipped/>
  </testcase> <!-- Adding_Same_Name_Test -->
  <testcase classname="scripts.RoleManagementPageFunctionalityTest" name="Search_Role_Test" time="0.000">
    <skipped/>
  </testcase> <!-- Search_Role_Test -->
  <testcase classname="scripts.RoleManagementPageFunctionalityTest" name="View_Role_Test" time="0.000">
    <skipped/>
  </testcase> <!-- View_Role_Test -->
  <testcase classname="scripts.RoleManagementPageFunctionalityTest" name="Delete_Role_Test" time="0.000">
    <skipped/>
  </testcase> <!-- Delete_Role_Test -->
  <testcase classname="scripts.RoleManagementPageFunctionalityTest" name="Edit_Role_Test" time="0.000">
    <skipped/>
  </testcase> <!-- Edit_Role_Test -->
  <testcase classname="scripts.RoleManagementPageFunctionalityTest" name="Edit_Delete_Button_Should_Not_Display_Default_Role_Test" time="0.000">
    <skipped/>
  </testcase> <!-- Edit_Delete_Button_Should_Not_Display_Default_Role_Test -->
  <testcase classname="scripts.RoleManagementPageFunctionalityTest" name="Delete_Button_Should_Not_Show_for_User_Who_Has_Assigned_To_Role_Test" time="0.000">
    <skipped/>
  </testcase> <!-- Delete_Button_Should_Not_Show_for_User_Who_Has_Assigned_To_Role_Test -->
  <testcase classname="scripts.RoleManagementPageFunctionalityTest" name="Add_Role_Mandatory_Fields_Test" time="0.002">
    <skipped/>
  </testcase> <!-- Add_Role_Mandatory_Fields_Test -->
  <testcase classname="scripts.RoleManagementPageFunctionalityTest" name="Passing_Invalid_Role_Name_While_Adding_The_Role_Test" time="0.000">
    <skipped/>
  </testcase> <!-- Passing_Invalid_Role_Name_While_Adding_The_Role_Test -->
</testsuite> <!-- scripts.RoleManagementPageFunctionalityTest -->
